#
# There is insufficient memory for the Java Runtime Environment to continue.
# Native memory allocation (malloc) failed to allocate 32744 bytes for ChunkPool::allocate
# Possible reasons:
#   The system is out of physical RAM or swap space
#   The process is running with CompressedOops enabled, and the Java Heap may be blocking the growth of the native heap
# Possible solutions:
#   Reduce memory load on the system
#   Increase physical memory or swap space
#   Check if swap backing store is full
#   Decrease Java heap size (-Xmx/-Xms)
#   Decrease number of Java threads
#   Decrease Java thread stack sizes (-Xss)
#   Set larger code cache with -XX:ReservedCodeCacheSize=
#   JVM is running with Zero Based Compressed Oops mode in which the Java heap is
#     placed in the first 32GB address space. The Java Heap base address is the
#     maximum limit for the native heap growth. Please use -XX:HeapBaseMinAddress
#     to set the Java Heap base and to place the Java Heap above 32GB virtual address.
# This output file may be truncated or incomplete.
#
#  Out of Memory Error (arena.cpp:78), pid=6300, tid=16504
#
# JRE version: OpenJDK Runtime Environment (17.0.6) (build 17.0.6+0-b2043.56-9586694)
# Java VM: OpenJDK 64-Bit Server VM (17.0.6+0-b2043.56-9586694, mixed mode, tiered, compressed oops, compressed class ptrs, g1 gc, windows-amd64)
# No core dump will be written. Minidumps are not enabled by default on client versions of Windows
#

---------------  S U M M A R Y ------------

Command Line: -Dorg.gradle.appname=gradlew org.gradle.wrapper.GradleWrapperMain -q -Ptarget-platform=android-arm64 -Ptarget=D:\BDM\projects\amin_qassob\lib\main.dart -Pbase-application-name=android.app.Application -Pdart-defines=Zmx1dHRlci5pbnNwZWN0b3Iuc3RydWN0dXJlZEVycm9ycz10cnVl -Pdart-obfuscation=false -Ptrack-widget-creation=true -Ptree-shake-icons=false -Pfilesystem-scheme=org-dartlang-root assembleDebug

Host: Intel(R) Core(TM) i5-9300H CPU @ 2.40GHz, 8 cores, 15G,  Windows 11 , 64 bit Build 22621 (10.0.22621.4391)
Time: Fri Feb 21 15:05:26 2025  Windows 11 , 64 bit Build 22621 (10.0.22621.4391) elapsed time: 32.364720 seconds (0d 0h 0m 32s)

---------------  T H R E A D  ---------------

Current thread (0x000001d5cf49a690):  JavaThread "C2 CompilerThread0" daemon [_thread_in_native, id=16504, stack(0x0000003257c00000,0x0000003257d00000)]


Current CompileTask:
C2:  32364 1499       4       jdk.internal.org.objectweb.asm.Symbol::<init> (38 bytes)

Stack: [0x0000003257c00000,0x0000003257d00000]
Native frames: (J=compiled Java code, j=interpreted, Vv=VM code, C=native code)
V  [jvm.dll+0x683b4a]
V  [jvm.dll+0x842654]
V  [jvm.dll+0x843dfe]
V  [jvm.dll+0x844463]
V  [jvm.dll+0x249b75]
V  [jvm.dll+0xabecc]
V  [jvm.dll+0xac27c]
V  [jvm.dll+0x60f060]
V  [jvm.dll+0x60f1f9]
V  [jvm.dll+0x614dc7]
V  [jvm.dll+0x615c42]
V  [jvm.dll+0x6141a4]
V  [jvm.dll+0x21c078]
V  [jvm.dll+0x21b621]
V  [jvm.dll+0x1a4fdd]
V  [jvm.dll+0x22b098]
V  [jvm.dll+0x229159]
V  [jvm.dll+0x7f809c]
V  [jvm.dll+0x7f25fa]
V  [jvm.dll+0x682985]
C  [ucrtbase.dll+0x29333]
C  [KERNEL32.DLL+0x1259d]
C  [ntdll.dll+0x5af38]


---------------  P R O C E S S  ---------------

Threads class SMR info:
_java_thread_list=0x000001d5cfa7c350, length=13, elements={
0x000001d5b024f1a0, 0x000001d5cf442900, 0x000001d5cf444a30, 0x000001d5cf493db0,
0x000001d5cf4977f0, 0x000001d5cf4981a0, 0x000001d5cf498b50, 0x000001d5cf49a690,
0x000001d5cf49b130, 0x000001d5cf4af3a0, 0x000001d5cf6186d0, 0x000001d5cf638a80,
0x000001d5d08159a0
}

Java Threads: ( => current thread )
  0x000001d5b024f1a0 JavaThread "main" [_thread_in_vm, id=2556, stack(0x0000003256f00000,0x0000003257000000)]
  0x000001d5cf442900 JavaThread "Reference Handler" daemon [_thread_blocked, id=13696, stack(0x0000003257600000,0x0000003257700000)]
  0x000001d5cf444a30 JavaThread "Finalizer" daemon [_thread_blocked, id=17884, stack(0x0000003257700000,0x0000003257800000)]
  0x000001d5cf493db0 JavaThread "Signal Dispatcher" daemon [_thread_blocked, id=8628, stack(0x0000003257800000,0x0000003257900000)]
  0x000001d5cf4977f0 JavaThread "Attach Listener" daemon [_thread_blocked, id=10756, stack(0x0000003257900000,0x0000003257a00000)]
  0x000001d5cf4981a0 JavaThread "Service Thread" daemon [_thread_blocked, id=18188, stack(0x0000003257a00000,0x0000003257b00000)]
  0x000001d5cf498b50 JavaThread "Monitor Deflation Thread" daemon [_thread_blocked, id=8156, stack(0x0000003257b00000,0x0000003257c00000)]
=>0x000001d5cf49a690 JavaThread "C2 CompilerThread0" daemon [_thread_in_native, id=16504, stack(0x0000003257c00000,0x0000003257d00000)]
  0x000001d5cf49b130 JavaThread "C1 CompilerThread0" daemon [_thread_blocked, id=3168, stack(0x0000003257d00000,0x0000003257e00000)]
  0x000001d5cf4af3a0 JavaThread "Sweeper thread" daemon [_thread_blocked, id=14036, stack(0x0000003257e00000,0x0000003257f00000)]
  0x000001d5cf6186d0 JavaThread "Notification Thread" daemon [_thread_blocked, id=16128, stack(0x0000003257f00000,0x0000003258000000)]
  0x000001d5cf638a80 JavaThread "Common-Cleaner" daemon [_thread_blocked, id=10136, stack(0x0000003258100000,0x0000003258200000)]
  0x000001d5d08159a0 JavaThread "DisconnectableInputStream source reader" daemon [_thread_in_native, id=18356, stack(0x0000003258a00000,0x0000003258b00000)]

Other Threads:
  0x000001d5ceb7e4e0 VMThread "VM Thread" [stack: 0x0000003257500000,0x0000003257600000] [id=9424]
  0x000001d5b02d2dc0 WatcherThread [stack: 0x0000003258000000,0x0000003258100000] [id=9364]
  0x000001d5b02bae30 GCTaskThread "GC Thread#0" [stack: 0x0000003257000000,0x0000003257100000] [id=4112]
  0x000001d5d02344a0 GCTaskThread "GC Thread#1" [stack: 0x0000003258300000,0x0000003258400000] [id=12804]
  0x000001d5d0234750 GCTaskThread "GC Thread#2" [stack: 0x0000003258400000,0x0000003258500000] [id=7132]
  0x000001d5d0234a00 GCTaskThread "GC Thread#3" [stack: 0x0000003258500000,0x0000003258600000] [id=7980]
  0x000001d5d02350c0 GCTaskThread "GC Thread#4" [stack: 0x0000003258600000,0x0000003258700000] [id=15192]
  0x000001d5d0235370 GCTaskThread "GC Thread#5" [stack: 0x0000003258700000,0x0000003258800000] [id=11236]
  0x000001d5b02ccb10 ConcurrentGCThread "G1 Main Marker" [stack: 0x0000003257100000,0x0000003257200000] [id=17040]
  0x000001d5b02cd520 ConcurrentGCThread "G1 Conc#0" [stack: 0x0000003257200000,0x0000003257300000] [id=13164]
  0x000001d5b030e160 ConcurrentGCThread "G1 Refine#0" [stack: 0x0000003257300000,0x0000003257400000] [id=17276]
  0x000001d5b030eb80 ConcurrentGCThread "G1 Service" [stack: 0x0000003257400000,0x0000003257500000] [id=10836]

Threads with active compile tasks:
C2 CompilerThread0    32388 1499       4       jdk.internal.org.objectweb.asm.Symbol::<init> (38 bytes)

VM state: not at safepoint (normal execution)

VM Mutex/Monitor currently owned by a thread: None

Heap address: 0x0000000702600000, size: 4058 MB, Compressed Oops mode: Zero based, Oop shift amount: 3

CDS archive(s) not mapped
Compressed class space mapped at: 0x0000000800000000-0x0000000840000000, reserved size: 1073741824
Narrow klass base: 0x0000000800000000, Narrow klass shift: 0, Narrow klass range: 0x40000000

GC Precious Log:
 CPUs: 8 total, 8 available
 Memory: 16225M
 Large Page Support: Disabled
 NUMA Support: Disabled
 Compressed Oops: Enabled (Zero based)
 Heap Region Size: 2M
 Heap Min Capacity: 8M
 Heap Initial Capacity: 254M
 Heap Max Capacity: 4058M
 Pre-touch: Disabled
 Parallel Workers: 8
 Concurrent Workers: 2
 Concurrent Refinement Workers: 8
 Periodic GC: Disabled

Heap:
 garbage-first heap   total 260096K, used 30611K [0x0000000702600000, 0x0000000800000000)
  region size 2048K, 13 young (26624K), 2 survivors (4096K)
 Metaspace       used 18077K, committed 18304K, reserved 1064960K
  class space    used 2072K, committed 2176K, reserved 1048576K

Heap Regions: E=young(eden), S=young(survivor), O=old, HS=humongous(starts), HC=humongous(continues), CS=collection set, F=free, OA=open archive, CA=closed archive, TAMS=top-at-mark-start (previous, next)
|   0|0x0000000702600000, 0x0000000702800000, 0x0000000702800000|100%|HS|  |TAMS 0x0000000702600000, 0x0000000702600000| Complete 
|   1|0x0000000702800000, 0x0000000702a00000, 0x0000000702a00000|100%|HC|  |TAMS 0x0000000702800000, 0x0000000702800000| Complete 
|   2|0x0000000702a00000, 0x0000000702be4e00, 0x0000000702c00000| 94%| O|  |TAMS 0x0000000702a00000, 0x0000000702a00000| Untracked 
|   3|0x0000000702c00000, 0x0000000702c00000, 0x0000000702e00000|  0%| F|  |TAMS 0x0000000702c00000, 0x0000000702c00000| Untracked 
|   4|0x0000000702e00000, 0x0000000702e00000, 0x0000000703000000|  0%| F|  |TAMS 0x0000000702e00000, 0x0000000702e00000| Untracked 
|   5|0x0000000703000000, 0x0000000703000000, 0x0000000703200000|  0%| F|  |TAMS 0x0000000703000000, 0x0000000703000000| Untracked 
|   6|0x0000000703200000, 0x0000000703200000, 0x0000000703400000|  0%| F|  |TAMS 0x0000000703200000, 0x0000000703200000| Untracked 
|   7|0x0000000703400000, 0x0000000703400000, 0x0000000703600000|  0%| F|  |TAMS 0x0000000703400000, 0x0000000703400000| Untracked 
|   8|0x0000000703600000, 0x0000000703600000, 0x0000000703800000|  0%| F|  |TAMS 0x0000000703600000, 0x0000000703600000| Untracked 
|   9|0x0000000703800000, 0x0000000703800000, 0x0000000703a00000|  0%| F|  |TAMS 0x0000000703800000, 0x0000000703800000| Untracked 
|  10|0x0000000703a00000, 0x0000000703a00000, 0x0000000703c00000|  0%| F|  |TAMS 0x0000000703a00000, 0x0000000703a00000| Untracked 
|  11|0x0000000703c00000, 0x0000000703c00000, 0x0000000703e00000|  0%| F|  |TAMS 0x0000000703c00000, 0x0000000703c00000| Untracked 
|  12|0x0000000703e00000, 0x0000000703e00000, 0x0000000704000000|  0%| F|  |TAMS 0x0000000703e00000, 0x0000000703e00000| Untracked 
|  13|0x0000000704000000, 0x0000000704000000, 0x0000000704200000|  0%| F|  |TAMS 0x0000000704000000, 0x0000000704000000| Untracked 
|  14|0x0000000704200000, 0x0000000704200000, 0x0000000704400000|  0%| F|  |TAMS 0x0000000704200000, 0x0000000704200000| Untracked 
|  15|0x0000000704400000, 0x0000000704400000, 0x0000000704600000|  0%| F|  |TAMS 0x0000000704400000, 0x0000000704400000| Untracked 
|  16|0x0000000704600000, 0x0000000704600000, 0x0000000704800000|  0%| F|  |TAMS 0x0000000704600000, 0x0000000704600000| Untracked 
|  17|0x0000000704800000, 0x0000000704800000, 0x0000000704a00000|  0%| F|  |TAMS 0x0000000704800000, 0x0000000704800000| Untracked 
|  18|0x0000000704a00000, 0x0000000704a00000, 0x0000000704c00000|  0%| F|  |TAMS 0x0000000704a00000, 0x0000000704a00000| Untracked 
|  19|0x0000000704c00000, 0x0000000704c00000, 0x0000000704e00000|  0%| F|  |TAMS 0x0000000704c00000, 0x0000000704c00000| Untracked 
|  20|0x0000000704e00000, 0x0000000704e00000, 0x0000000705000000|  0%| F|  |TAMS 0x0000000704e00000, 0x0000000704e00000| Untracked 
|  21|0x0000000705000000, 0x0000000705000000, 0x0000000705200000|  0%| F|  |TAMS 0x0000000705000000, 0x0000000705000000| Untracked 
|  22|0x0000000705200000, 0x0000000705200000, 0x0000000705400000|  0%| F|  |TAMS 0x0000000705200000, 0x0000000705200000| Untracked 
|  23|0x0000000705400000, 0x0000000705400000, 0x0000000705600000|  0%| F|  |TAMS 0x0000000705400000, 0x0000000705400000| Untracked 
|  24|0x0000000705600000, 0x0000000705600000, 0x0000000705800000|  0%| F|  |TAMS 0x0000000705600000, 0x0000000705600000| Untracked 
|  25|0x0000000705800000, 0x0000000705800000, 0x0000000705a00000|  0%| F|  |TAMS 0x0000000705800000, 0x0000000705800000| Untracked 
|  26|0x0000000705a00000, 0x0000000705a00000, 0x0000000705c00000|  0%| F|  |TAMS 0x0000000705a00000, 0x0000000705a00000| Untracked 
|  27|0x0000000705c00000, 0x0000000705c00000, 0x0000000705e00000|  0%| F|  |TAMS 0x0000000705c00000, 0x0000000705c00000| Untracked 
|  28|0x0000000705e00000, 0x0000000705e00000, 0x0000000706000000|  0%| F|  |TAMS 0x0000000705e00000, 0x0000000705e00000| Untracked 
|  29|0x0000000706000000, 0x0000000706000000, 0x0000000706200000|  0%| F|  |TAMS 0x0000000706000000, 0x0000000706000000| Untracked 
|  30|0x0000000706200000, 0x0000000706200000, 0x0000000706400000|  0%| F|  |TAMS 0x0000000706200000, 0x0000000706200000| Untracked 
|  31|0x0000000706400000, 0x0000000706400000, 0x0000000706600000|  0%| F|  |TAMS 0x0000000706400000, 0x0000000706400000| Untracked 
|  32|0x0000000706600000, 0x0000000706600000, 0x0000000706800000|  0%| F|  |TAMS 0x0000000706600000, 0x0000000706600000| Untracked 
|  33|0x0000000706800000, 0x0000000706800000, 0x0000000706a00000|  0%| F|  |TAMS 0x0000000706800000, 0x0000000706800000| Untracked 
|  34|0x0000000706a00000, 0x0000000706a00000, 0x0000000706c00000|  0%| F|  |TAMS 0x0000000706a00000, 0x0000000706a00000| Untracked 
|  35|0x0000000706c00000, 0x0000000706c00000, 0x0000000706e00000|  0%| F|  |TAMS 0x0000000706c00000, 0x0000000706c00000| Untracked 
|  36|0x0000000706e00000, 0x0000000706e00000, 0x0000000707000000|  0%| F|  |TAMS 0x0000000706e00000, 0x0000000706e00000| Untracked 
|  37|0x0000000707000000, 0x0000000707000000, 0x0000000707200000|  0%| F|  |TAMS 0x0000000707000000, 0x0000000707000000| Untracked 
|  38|0x0000000707200000, 0x0000000707200000, 0x0000000707400000|  0%| F|  |TAMS 0x0000000707200000, 0x0000000707200000| Untracked 
|  39|0x0000000707400000, 0x0000000707400000, 0x0000000707600000|  0%| F|  |TAMS 0x0000000707400000, 0x0000000707400000| Untracked 
|  40|0x0000000707600000, 0x0000000707600000, 0x0000000707800000|  0%| F|  |TAMS 0x0000000707600000, 0x0000000707600000| Untracked 
|  41|0x0000000707800000, 0x0000000707800000, 0x0000000707a00000|  0%| F|  |TAMS 0x0000000707800000, 0x0000000707800000| Untracked 
|  42|0x0000000707a00000, 0x0000000707a00000, 0x0000000707c00000|  0%| F|  |TAMS 0x0000000707a00000, 0x0000000707a00000| Untracked 
|  43|0x0000000707c00000, 0x0000000707c00000, 0x0000000707e00000|  0%| F|  |TAMS 0x0000000707c00000, 0x0000000707c00000| Untracked 
|  44|0x0000000707e00000, 0x0000000707e00000, 0x0000000708000000|  0%| F|  |TAMS 0x0000000707e00000, 0x0000000707e00000| Untracked 
|  45|0x0000000708000000, 0x0000000708000000, 0x0000000708200000|  0%| F|  |TAMS 0x0000000708000000, 0x0000000708000000| Untracked 
|  46|0x0000000708200000, 0x0000000708200000, 0x0000000708400000|  0%| F|  |TAMS 0x0000000708200000, 0x0000000708200000| Untracked 
|  47|0x0000000708400000, 0x0000000708400000, 0x0000000708600000|  0%| F|  |TAMS 0x0000000708400000, 0x0000000708400000| Untracked 
|  48|0x0000000708600000, 0x0000000708600000, 0x0000000708800000|  0%| F|  |TAMS 0x0000000708600000, 0x0000000708600000| Untracked 
|  49|0x0000000708800000, 0x0000000708800000, 0x0000000708a00000|  0%| F|  |TAMS 0x0000000708800000, 0x0000000708800000| Untracked 
|  50|0x0000000708a00000, 0x0000000708a00000, 0x0000000708c00000|  0%| F|  |TAMS 0x0000000708a00000, 0x0000000708a00000| Untracked 
|  51|0x0000000708c00000, 0x0000000708c00000, 0x0000000708e00000|  0%| F|  |TAMS 0x0000000708c00000, 0x0000000708c00000| Untracked 
|  52|0x0000000708e00000, 0x0000000708e00000, 0x0000000709000000|  0%| F|  |TAMS 0x0000000708e00000, 0x0000000708e00000| Untracked 
|  53|0x0000000709000000, 0x0000000709000000, 0x0000000709200000|  0%| F|  |TAMS 0x0000000709000000, 0x0000000709000000| Untracked 
|  54|0x0000000709200000, 0x0000000709200000, 0x0000000709400000|  0%| F|  |TAMS 0x0000000709200000, 0x0000000709200000| Untracked 
|  55|0x0000000709400000, 0x0000000709400000, 0x0000000709600000|  0%| F|  |TAMS 0x0000000709400000, 0x0000000709400000| Untracked 
|  56|0x0000000709600000, 0x0000000709600000, 0x0000000709800000|  0%| F|  |TAMS 0x0000000709600000, 0x0000000709600000| Untracked 
|  57|0x0000000709800000, 0x0000000709800000, 0x0000000709a00000|  0%| F|  |TAMS 0x0000000709800000, 0x0000000709800000| Untracked 
|  58|0x0000000709a00000, 0x0000000709a00000, 0x0000000709c00000|  0%| F|  |TAMS 0x0000000709a00000, 0x0000000709a00000| Untracked 
|  59|0x0000000709c00000, 0x0000000709c00000, 0x0000000709e00000|  0%| F|  |TAMS 0x0000000709c00000, 0x0000000709c00000| Untracked 
|  60|0x0000000709e00000, 0x0000000709e00000, 0x000000070a000000|  0%| F|  |TAMS 0x0000000709e00000, 0x0000000709e00000| Untracked 
|  61|0x000000070a000000, 0x000000070a000000, 0x000000070a200000|  0%| F|  |TAMS 0x000000070a000000, 0x000000070a000000| Untracked 
|  62|0x000000070a200000, 0x000000070a200000, 0x000000070a400000|  0%| F|  |TAMS 0x000000070a200000, 0x000000070a200000| Untracked 
|  63|0x000000070a400000, 0x000000070a400000, 0x000000070a600000|  0%| F|  |TAMS 0x000000070a400000, 0x000000070a400000| Untracked 
|  64|0x000000070a600000, 0x000000070a600000, 0x000000070a800000|  0%| F|  |TAMS 0x000000070a600000, 0x000000070a600000| Untracked 
|  65|0x000000070a800000, 0x000000070a800000, 0x000000070aa00000|  0%| F|  |TAMS 0x000000070a800000, 0x000000070a800000| Untracked 
|  66|0x000000070aa00000, 0x000000070aa00000, 0x000000070ac00000|  0%| F|  |TAMS 0x000000070aa00000, 0x000000070aa00000| Untracked 
|  67|0x000000070ac00000, 0x000000070ac00000, 0x000000070ae00000|  0%| F|  |TAMS 0x000000070ac00000, 0x000000070ac00000| Untracked 
|  68|0x000000070ae00000, 0x000000070ae00000, 0x000000070b000000|  0%| F|  |TAMS 0x000000070ae00000, 0x000000070ae00000| Untracked 
|  69|0x000000070b000000, 0x000000070b000000, 0x000000070b200000|  0%| F|  |TAMS 0x000000070b000000, 0x000000070b000000| Untracked 
|  70|0x000000070b200000, 0x000000070b200000, 0x000000070b400000|  0%| F|  |TAMS 0x000000070b200000, 0x000000070b200000| Untracked 
|  71|0x000000070b400000, 0x000000070b400000, 0x000000070b600000|  0%| F|  |TAMS 0x000000070b400000, 0x000000070b400000| Untracked 
|  72|0x000000070b600000, 0x000000070b600000, 0x000000070b800000|  0%| F|  |TAMS 0x000000070b600000, 0x000000070b600000| Untracked 
|  73|0x000000070b800000, 0x000000070b800000, 0x000000070ba00000|  0%| F|  |TAMS 0x000000070b800000, 0x000000070b800000| Untracked 
|  74|0x000000070ba00000, 0x000000070ba00000, 0x000000070bc00000|  0%| F|  |TAMS 0x000000070ba00000, 0x000000070ba00000| Untracked 
|  75|0x000000070bc00000, 0x000000070bc00000, 0x000000070be00000|  0%| F|  |TAMS 0x000000070bc00000, 0x000000070bc00000| Untracked 
|  76|0x000000070be00000, 0x000000070be00000, 0x000000070c000000|  0%| F|  |TAMS 0x000000070be00000, 0x000000070be00000| Untracked 
|  77|0x000000070c000000, 0x000000070c000000, 0x000000070c200000|  0%| F|  |TAMS 0x000000070c000000, 0x000000070c000000| Untracked 
|  78|0x000000070c200000, 0x000000070c200000, 0x000000070c400000|  0%| F|  |TAMS 0x000000070c200000, 0x000000070c200000| Untracked 
|  79|0x000000070c400000, 0x000000070c400000, 0x000000070c600000|  0%| F|  |TAMS 0x000000070c400000, 0x000000070c400000| Untracked 
|  80|0x000000070c600000, 0x000000070c600000, 0x000000070c800000|  0%| F|  |TAMS 0x000000070c600000, 0x000000070c600000| Untracked 
|  81|0x000000070c800000, 0x000000070c800000, 0x000000070ca00000|  0%| F|  |TAMS 0x000000070c800000, 0x000000070c800000| Untracked 
|  82|0x000000070ca00000, 0x000000070ca00000, 0x000000070cc00000|  0%| F|  |TAMS 0x000000070ca00000, 0x000000070ca00000| Untracked 
|  83|0x000000070cc00000, 0x000000070cc00000, 0x000000070ce00000|  0%| F|  |TAMS 0x000000070cc00000, 0x000000070cc00000| Untracked 
|  84|0x000000070ce00000, 0x000000070ce00000, 0x000000070d000000|  0%| F|  |TAMS 0x000000070ce00000, 0x000000070ce00000| Untracked 
|  85|0x000000070d000000, 0x000000070d000000, 0x000000070d200000|  0%| F|  |TAMS 0x000000070d000000, 0x000000070d000000| Untracked 
|  86|0x000000070d200000, 0x000000070d200000, 0x000000070d400000|  0%| F|  |TAMS 0x000000070d200000, 0x000000070d200000| Untracked 
|  87|0x000000070d400000, 0x000000070d400000, 0x000000070d600000|  0%| F|  |TAMS 0x000000070d400000, 0x000000070d400000| Untracked 
|  88|0x000000070d600000, 0x000000070d600000, 0x000000070d800000|  0%| F|  |TAMS 0x000000070d600000, 0x000000070d600000| Untracked 
|  89|0x000000070d800000, 0x000000070d800000, 0x000000070da00000|  0%| F|  |TAMS 0x000000070d800000, 0x000000070d800000| Untracked 
|  90|0x000000070da00000, 0x000000070da00000, 0x000000070dc00000|  0%| F|  |TAMS 0x000000070da00000, 0x000000070da00000| Untracked 
|  91|0x000000070dc00000, 0x000000070dc00000, 0x000000070de00000|  0%| F|  |TAMS 0x000000070dc00000, 0x000000070dc00000| Untracked 
|  92|0x000000070de00000, 0x000000070de00000, 0x000000070e000000|  0%| F|  |TAMS 0x000000070de00000, 0x000000070de00000| Untracked 
|  93|0x000000070e000000, 0x000000070e000000, 0x000000070e200000|  0%| F|  |TAMS 0x000000070e000000, 0x000000070e000000| Untracked 
|  94|0x000000070e200000, 0x000000070e200000, 0x000000070e400000|  0%| F|  |TAMS 0x000000070e200000, 0x000000070e200000| Untracked 
|  95|0x000000070e400000, 0x000000070e400000, 0x000000070e600000|  0%| F|  |TAMS 0x000000070e400000, 0x000000070e400000| Untracked 
|  96|0x000000070e600000, 0x000000070e600000, 0x000000070e800000|  0%| F|  |TAMS 0x000000070e600000, 0x000000070e600000| Untracked 
|  97|0x000000070e800000, 0x000000070e800000, 0x000000070ea00000|  0%| F|  |TAMS 0x000000070e800000, 0x000000070e800000| Untracked 
|  98|0x000000070ea00000, 0x000000070ea00000, 0x000000070ec00000|  0%| F|  |TAMS 0x000000070ea00000, 0x000000070ea00000| Untracked 
|  99|0x000000070ec00000, 0x000000070ec00000, 0x000000070ee00000|  0%| F|  |TAMS 0x000000070ec00000, 0x000000070ec00000| Untracked 
| 100|0x000000070ee00000, 0x000000070ee00000, 0x000000070f000000|  0%| F|  |TAMS 0x000000070ee00000, 0x000000070ee00000| Untracked 
| 101|0x000000070f000000, 0x000000070f000000, 0x000000070f200000|  0%| F|  |TAMS 0x000000070f000000, 0x000000070f000000| Untracked 
| 102|0x000000070f200000, 0x000000070f200000, 0x000000070f400000|  0%| F|  |TAMS 0x000000070f200000, 0x000000070f200000| Untracked 
| 103|0x000000070f400000, 0x000000070f400000, 0x000000070f600000|  0%| F|  |TAMS 0x000000070f400000, 0x000000070f400000| Untracked 
| 104|0x000000070f600000, 0x000000070f600000, 0x000000070f800000|  0%| F|  |TAMS 0x000000070f600000, 0x000000070f600000| Untracked 
| 105|0x000000070f800000, 0x000000070f800000, 0x000000070fa00000|  0%| F|  |TAMS 0x000000070f800000, 0x000000070f800000| Untracked 
| 106|0x000000070fa00000, 0x000000070fa00000, 0x000000070fc00000|  0%| F|  |TAMS 0x000000070fa00000, 0x000000070fa00000| Untracked 
| 107|0x000000070fc00000, 0x000000070fc00000, 0x000000070fe00000|  0%| F|  |TAMS 0x000000070fc00000, 0x000000070fc00000| Untracked 
| 108|0x000000070fe00000, 0x000000070fe00000, 0x0000000710000000|  0%| F|  |TAMS 0x000000070fe00000, 0x000000070fe00000| Untracked 
| 109|0x0000000710000000, 0x0000000710000000, 0x0000000710200000|  0%| F|  |TAMS 0x0000000710000000, 0x0000000710000000| Untracked 
| 110|0x0000000710200000, 0x0000000710200000, 0x0000000710400000|  0%| F|  |TAMS 0x0000000710200000, 0x0000000710200000| Untracked 
| 111|0x0000000710400000, 0x0000000710400000, 0x0000000710600000|  0%| F|  |TAMS 0x0000000710400000, 0x0000000710400000| Untracked 
| 112|0x0000000710600000, 0x0000000710600000, 0x0000000710800000|  0%| F|  |TAMS 0x0000000710600000, 0x0000000710600000| Untracked 
| 113|0x0000000710800000, 0x0000000710800000, 0x0000000710a00000|  0%| F|  |TAMS 0x0000000710800000, 0x0000000710800000| Untracked 
| 114|0x0000000710a00000, 0x0000000710c00000, 0x0000000710c00000|100%| S|CS|TAMS 0x0000000710a00000, 0x0000000710a00000| Complete 
| 115|0x0000000710c00000, 0x0000000710e00000, 0x0000000710e00000|100%| S|CS|TAMS 0x0000000710c00000, 0x0000000710c00000| Complete 
| 116|0x0000000710e00000, 0x0000000710f75118, 0x0000000711000000| 72%| E|  |TAMS 0x0000000710e00000, 0x0000000710e00000| Complete 
| 117|0x0000000711000000, 0x0000000711200000, 0x0000000711200000|100%| E|CS|TAMS 0x0000000711000000, 0x0000000711000000| Complete 
| 118|0x0000000711200000, 0x0000000711400000, 0x0000000711400000|100%| E|CS|TAMS 0x0000000711200000, 0x0000000711200000| Complete 
| 119|0x0000000711400000, 0x0000000711600000, 0x0000000711600000|100%| E|CS|TAMS 0x0000000711400000, 0x0000000711400000| Complete 
| 120|0x0000000711600000, 0x0000000711800000, 0x0000000711800000|100%| E|CS|TAMS 0x0000000711600000, 0x0000000711600000| Complete 
| 121|0x0000000711800000, 0x0000000711a00000, 0x0000000711a00000|100%| E|CS|TAMS 0x0000000711800000, 0x0000000711800000| Complete 
| 122|0x0000000711a00000, 0x0000000711c00000, 0x0000000711c00000|100%| E|CS|TAMS 0x0000000711a00000, 0x0000000711a00000| Complete 
| 123|0x0000000711c00000, 0x0000000711e00000, 0x0000000711e00000|100%| E|CS|TAMS 0x0000000711c00000, 0x0000000711c00000| Complete 
| 124|0x0000000711e00000, 0x0000000712000000, 0x0000000712000000|100%| E|CS|TAMS 0x0000000711e00000, 0x0000000711e00000| Complete 
| 125|0x0000000712000000, 0x0000000712200000, 0x0000000712200000|100%| E|CS|TAMS 0x0000000712000000, 0x0000000712000000| Complete 
| 126|0x0000000712200000, 0x0000000712400000, 0x0000000712400000|100%| E|CS|TAMS 0x0000000712200000, 0x0000000712200000| Complete 

Card table byte_map: [0x000001d5c3240000,0x000001d5c3a30000] _byte_map_base: 0x000001d5bfa2d000

Marking Bits (Prev, Next): (CMBitMap*) 0x000001d5b02bb440, (CMBitMap*) 0x000001d5b02bb480
 Prev Bits: [0x000001d5c4220000, 0x000001d5c8188000)
 Next Bits: [0x000001d5c8190000, 0x000001d5cc0f8000)

Polling page: 0x000001d5afa10000

Metaspace:

Usage:
  Non-class:     15.63 MB used.
      Class:      2.02 MB used.
       Both:     17.65 MB used.

Virtual space:
  Non-class space:       16.00 MB reserved,      15.75 MB ( 98%) committed,  2 nodes.
      Class space:        1.00 GB reserved,       2.12 MB ( <1%) committed,  1 nodes.
             Both:        1.02 GB reserved,      17.88 MB (  2%) committed. 

Chunk freelists:
   Non-Class:  240.00 KB
       Class:  1.72 MB
        Both:  1.96 MB

MaxMetaspaceSize: unlimited
CompressedClassSpaceSize: 1.00 GB
Initial GC threshold: 21.00 MB
Current GC threshold: 21.00 MB
CDS: off
MetaspaceReclaimPolicy: balanced
 - commit_granule_bytes: 65536.
 - commit_granule_words: 8192.
 - virtual_space_node_default_size: 1048576.
 - enlarge_chunks_in_place: 1.
 - new_chunks_are_fully_committed: 0.
 - uncommit_free_chunks: 1.
 - use_allocation_guard: 0.
 - handle_deallocations: 1.


Internal statistics:

num_allocs_failed_limit: 0.
num_arena_births: 90.
num_arena_deaths: 0.
num_vsnodes_births: 3.
num_vsnodes_deaths: 0.
num_space_committed: 286.
num_space_uncommitted: 0.
num_chunks_returned_to_freelist: 0.
num_chunks_taken_from_freelist: 346.
num_chunk_merges: 0.
num_chunk_splits: 224.
num_chunks_enlarged: 185.
num_purges: 0.
num_inconsistent_stats: 0.

CodeHeap 'non-profiled nmethods': size=120000Kb used=600Kb max_used=600Kb free=119399Kb
 bounds [0x000001d5bb1e0000, 0x000001d5bb450000, 0x000001d5c2710000]
CodeHeap 'profiled nmethods': size=120000Kb used=2880Kb max_used=2880Kb free=117120Kb
 bounds [0x000001d5b3710000, 0x000001d5b39e0000, 0x000001d5bac40000]
CodeHeap 'non-nmethods': size=5760Kb used=1177Kb max_used=1199Kb free=4582Kb
 bounds [0x000001d5bac40000, 0x000001d5baeb0000, 0x000001d5bb1e0000]
 total_blobs=2009 nmethods=1532 adapters=390
 compilation: enabled
              stopped_count=0, restarted_count=0
 full_count=0

Compilation events (20 events):
Event: 28.661 Thread 0x000001d5cf49b130 nmethod 1489 0x000001d5b39cbd10 code [0x000001d5b39cbfa0, 0x000001d5b39ccff8]
Event: 28.661 Thread 0x000001d5cf49b130 1491       3       java.util.HashSet::contains (9 bytes)
Event: 28.661 Thread 0x000001d5cf49b130 nmethod 1491 0x000001d5b39cd690 code [0x000001d5b39cd840, 0x000001d5b39cda28]
Event: 28.661 Thread 0x000001d5cf49b130 1490       1       sun.nio.ch.SelectionKeyImpl::nioReadyOps (6 bytes)
Event: 28.661 Thread 0x000001d5cf49b130 nmethod 1490 0x000001d5bb274990 code [0x000001d5bb274b20, 0x000001d5bb274bf8]
Event: 28.676 Thread 0x000001d5cf49b130 1492       3       org.gradle.internal.operations.OperationIdentifier::<init> (26 bytes)
Event: 28.676 Thread 0x000001d5cf49b130 nmethod 1492 0x000001d5b39cdb10 code [0x000001d5b39cdcc0, 0x000001d5b39cdf28]
Event: 28.676 Thread 0x000001d5cf49b130 1493       3       org.gradle.internal.operations.OperationIdentifier::hashCode (14 bytes)
Event: 28.676 Thread 0x000001d5cf49b130 nmethod 1493 0x000001d5b39ce010 code [0x000001d5b39ce1a0, 0x000001d5b39ce2b8]
Event: 30.216 Thread 0x000001d5cf49b130 1494       3       java.util.concurrent.locks.AbstractQueuedSynchronizer$Node::getAndUnsetStatus (14 bytes)
Event: 30.216 Thread 0x000001d5cf49b130 nmethod 1494 0x000001d5b39ce390 code [0x000001d5b39ce540, 0x000001d5b39ce848]
Event: 31.411 Thread 0x000001d5cf49b130 1495       3       org.gradle.internal.logging.console.ThrottlingOutputEventListener::renderNow (40 bytes)
Event: 31.411 Thread 0x000001d5cf49b130 nmethod 1495 0x000001d5b39ce990 code [0x000001d5b39ceb60, 0x000001d5b39cf088]
Event: 32.360 Thread 0x000001d5cf49b130 1496       1       java.util.LinkedList::size (5 bytes)
Event: 32.361 Thread 0x000001d5cf49b130 nmethod 1496 0x000001d5bb274c90 code [0x000001d5bb274e20, 0x000001d5bb274ef8]
Event: 32.361 Thread 0x000001d5cf49a690 1497       4       java.lang.StringLatin1::canEncode (13 bytes)
Event: 32.361 Thread 0x000001d5cf49a690 nmethod 1497 0x000001d5bb274f90 code [0x000001d5bb275100, 0x000001d5bb275178]
Event: 32.363 Thread 0x000001d5cf49a690 1499       4       jdk.internal.org.objectweb.asm.Symbol::<init> (38 bytes)
Event: 32.363 Thread 0x000001d5cf49b130 1500       3       jdk.internal.org.objectweb.asm.MethodWriter::visitTypeInsn (116 bytes)
Event: 32.364 Thread 0x000001d5cf49b130 nmethod 1500 0x000001d5b39cf210 code [0x000001d5b39cf400, 0x000001d5b39cf828]

GC Heap History (2 events):
Event: 0.775 GC heap before
{Heap before GC invocations=0 (full 0):
 garbage-first heap   total 260096K, used 24576K [0x0000000702600000, 0x0000000800000000)
  region size 2048K, 11 young (22528K), 0 survivors (0K)
 Metaspace       used 11042K, committed 11200K, reserved 1064960K
  class space    used 1145K, committed 1216K, reserved 1048576K
}
Event: 0.778 GC heap after
{Heap after GC invocations=1 (full 0):
 garbage-first heap   total 260096K, used 10131K [0x0000000702600000, 0x0000000800000000)
  region size 2048K, 2 young (4096K), 2 survivors (4096K)
 Metaspace       used 11042K, committed 11200K, reserved 1064960K
  class space    used 1145K, committed 1216K, reserved 1048576K
}

Dll operation events (2 events):
Event: 0.005 Loaded shared library C:\Program Files\Android\Android Studio\jbr\bin\java.dll
Event: 0.097 Loaded shared library C:\Program Files\Android\Android Studio\jbr\bin\verify.dll

Deoptimization events (20 events):
Event: 1.316 Thread 0x000001d5d02ca640 Uncommon trap: trap_request=0xffffff45 fr.pc=0x000001d5bb21be60 relative=0x0000000000000140
Event: 1.316 Thread 0x000001d5d02ca640 Uncommon trap: reason=unstable_if action=reinterpret pc=0x000001d5bb21be60 method=java.lang.AbstractStringBuilder.putStringAt(ILjava/lang/String;II)V @ 8 c2
Event: 1.316 Thread 0x000001d5d02ca640 DEOPT PACKING pc=0x000001d5bb21be60 sp=0x00000032589fea70
Event: 1.316 Thread 0x000001d5d02ca640 DEOPT UNPACKING pc=0x000001d5bac969a3 sp=0x00000032589fe9a0 mode 2
Event: 1.316 Thread 0x000001d5d02ca640 Uncommon trap: trap_request=0xffffff45 fr.pc=0x000001d5bb21c380 relative=0x0000000000000160
Event: 1.316 Thread 0x000001d5d02ca640 Uncommon trap: reason=unstable_if action=reinterpret pc=0x000001d5bb21c380 method=java.lang.AbstractStringBuilder.putStringAt(ILjava/lang/String;II)V @ 8 c2
Event: 1.316 Thread 0x000001d5d02ca640 DEOPT PACKING pc=0x000001d5bb21c380 sp=0x00000032589fe9d0
Event: 1.316 Thread 0x000001d5d02ca640 DEOPT UNPACKING pc=0x000001d5bac969a3 sp=0x00000032589fe998 mode 2
Event: 1.316 Thread 0x000001d5d02ca640 Uncommon trap: trap_request=0xffffff45 fr.pc=0x000001d5bb24d420 relative=0x0000000000000400
Event: 1.316 Thread 0x000001d5d02ca640 Uncommon trap: reason=unstable_if action=reinterpret pc=0x000001d5bb24d420 method=java.lang.AbstractStringBuilder.isLatin1()Z @ 10 c2
Event: 1.316 Thread 0x000001d5d02ca640 DEOPT PACKING pc=0x000001d5bb24d420 sp=0x00000032589feb20
Event: 1.316 Thread 0x000001d5d02ca640 DEOPT UNPACKING pc=0x000001d5bac969a3 sp=0x00000032589feaa0 mode 2
Event: 3.020 Thread 0x000001d5d02ca640 Uncommon trap: trap_request=0xffffffde fr.pc=0x000001d5bb23c47c relative=0x0000000000000edc
Event: 3.020 Thread 0x000001d5d02ca640 Uncommon trap: reason=class_check action=maybe_recompile pc=0x000001d5bb23c47c method=java.util.concurrent.ConcurrentHashMap.putVal(Ljava/lang/Object;Ljava/lang/Object;Z)Ljava/lang/Object; @ 159 c2
Event: 3.020 Thread 0x000001d5d02ca640 DEOPT PACKING pc=0x000001d5bb23c47c sp=0x00000032589fde20
Event: 3.020 Thread 0x000001d5d02ca640 DEOPT UNPACKING pc=0x000001d5bac969a3 sp=0x00000032589fdda0 mode 2
Event: 3.043 Thread 0x000001d5b024f1a0 Uncommon trap: trap_request=0xffffff45 fr.pc=0x000001d5bb213108 relative=0x00000000000010e8
Event: 3.043 Thread 0x000001d5b024f1a0 Uncommon trap: reason=unstable_if action=reinterpret pc=0x000001d5bb213108 method=java.util.HashMap.putVal(ILjava/lang/Object;Ljava/lang/Object;ZZ)Ljava/lang/Object; @ 162 c2
Event: 3.043 Thread 0x000001d5b024f1a0 DEOPT PACKING pc=0x000001d5bb213108 sp=0x0000003256ffa920
Event: 3.043 Thread 0x000001d5b024f1a0 DEOPT UNPACKING pc=0x000001d5bac969a3 sp=0x0000003256ffa858 mode 2

Classes unloaded (0 events):
No events

Classes redefined (0 events):
No events

Internal exceptions (20 events):
Event: 0.770 Thread 0x000001d5b024f1a0 Exception <a 'java/lang/NoSuchMethodError'{0x0000000710fce4a8}: 'java.lang.Object java.lang.invoke.DirectMethodHandle$Holder.invokeStatic(java.lang.Object, java.lang.Object, int)'> (0x0000000710fce4a8) 
thrown [s\src\hotspot\share\interpreter\linkResolver.cpp, line 771]
Event: 0.771 Thread 0x000001d5b024f1a0 Exception <a 'java/lang/NoSuchMethodError'{0x0000000710fda198}: 'void java.lang.invoke.DelegatingMethodHandle$Holder.delegate(java.lang.Object, java.lang.Object, int, java.lang.Object)'> (0x0000000710fda198) 
thrown [s\src\hotspot\share\interpreter\linkResolver.cpp, line 771]
Event: 0.771 Thread 0x000001d5b024f1a0 Exception <a 'java/lang/NoSuchMethodError'{0x0000000710fde2e0}: 'int java.lang.invoke.DirectMethodHandle$Holder.invokeSpecial(java.lang.Object, java.lang.Object, java.lang.Object)'> (0x0000000710fde2e0) 
thrown [s\src\hotspot\share\interpreter\linkResolver.cpp, line 771]
Event: 0.773 Thread 0x000001d5b024f1a0 Exception <a 'java/lang/NoSuchMethodError'{0x0000000710ff1498}: 'java.lang.Object java.lang.invoke.Invokers$Holder.invokeExact_MT(java.lang.Object, java.lang.Object, java.lang.Object, java.lang.Object)'> (0x0000000710ff1498) 
thrown [s\src\hotspot\share\interpreter\linkResolver.cpp, line 771]
Event: 0.855 Thread 0x000001d5b024f1a0 Exception <a 'java/lang/NoSuchMethodError'{0x0000000711e65b38}: 'void java.lang.invoke.DirectMethodHandle$Holder.invokeSpecial(java.lang.Object, java.lang.Object, java.lang.Object)'> (0x0000000711e65b38) 
thrown [s\src\hotspot\share\interpreter\linkResolver.cpp, line 771]
Event: 0.866 Thread 0x000001d5b024f1a0 Implicit null exception at 0x000001d5bb22e310 to 0x000001d5bb22e8b0
Event: 0.866 Thread 0x000001d5b024f1a0 Implicit null exception at 0x000001d5bb220310 to 0x000001d5bb2208ac
Event: 0.885 Thread 0x000001d5b024f1a0 Exception <a 'java/lang/NoSuchMethodError'{0x0000000711c0d608}: 'java.lang.Object java.lang.invoke.DirectMethodHandle$Holder.invokeStaticInit(java.lang.Object)'> (0x0000000711c0d608) 
thrown [s\src\hotspot\share\interpreter\linkResolver.cpp, line 771]
Event: 0.979 Thread 0x000001d5b024f1a0 Exception <a 'java/lang/NoSuchMethodError'{0x0000000711820fb0}: 'java.lang.Object java.lang.invoke.DirectMethodHandle$Holder.invokeStaticInit(java.lang.Object, int, int, int, int)'> (0x0000000711820fb0) 
thrown [s\src\hotspot\share\interpreter\linkResolver.cpp, line 771]
Event: 1.042 Thread 0x000001d5b024f1a0 Exception <a 'java/lang/NoSuchMethodError'{0x000000071184fab8}: 'java.lang.Object java.lang.invoke.DirectMethodHandle$Holder.invokeStaticInit(java.lang.Object, java.lang.Object, int, int, int, int)'> (0x000000071184fab8) 
thrown [s\src\hotspot\share\interpreter\linkResolver.cpp, line 771]
Event: 1.143 Thread 0x000001d5b024f1a0 Exception <a 'java/lang/NoSuchMethodError'{0x000000071187c8a0}: 'void java.lang.invoke.DirectMethodHandle$Holder.invokeStatic(java.lang.Object, java.lang.Object, java.lang.Object)'> (0x000000071187c8a0) 
thrown [s\src\hotspot\share\interpreter\linkResolver.cpp, line 771]
Event: 1.156 Thread 0x000001d5b024f1a0 Implicit null exception at 0x000001d5bb21abf2 to 0x000001d5bb21b24c
Event: 1.156 Thread 0x000001d5b024f1a0 Implicit null exception at 0x000001d5bb219f72 to 0x000001d5bb21a5cc
Event: 1.298 Thread 0x000001d5d02ca640 Exception <a 'java/lang/NoSuchMethodError'{0x0000000711385ea0}: 'void java.lang.invoke.DirectMethodHandle$Holder.invokeStatic(java.lang.Object, long)'> (0x0000000711385ea0) 
thrown [s\src\hotspot\share\interpreter\linkResolver.cpp, line 771]
Event: 1.298 Thread 0x000001d5d02ca640 Exception <a 'java/lang/NoSuchMethodError'{0x000000071138b550}: 'java.lang.Object java.lang.invoke.DirectMethodHandle$Holder.newInvokeSpecial(java.lang.Object, long)'> (0x000000071138b550) 
thrown [s\src\hotspot\share\interpreter\linkResolver.cpp, line 771]
Event: 1.300 Thread 0x000001d5d02ca640 Exception <a 'java/lang/NoSuchMethodError'{0x00000007113960f8}: 'java.lang.Object java.lang.invoke.DirectMethodHandle$Holder.invokeStaticInit(java.lang.Object, java.lang.Object, long, java.lang.Object)'> (0x00000007113960f8) 
thrown [s\src\hotspot\share\interpreter\linkResolver.cpp, line 771]
Event: 1.300 Thread 0x000001d5d02ca640 Exception <a 'java/lang/NoSuchMethodError'{0x000000071139c780}: 'java.lang.Object java.lang.invoke.DirectMethodHandle$Holder.newInvokeSpecial(java.lang.Object, java.lang.Object, long)'> (0x000000071139c780) 
thrown [s\src\hotspot\share\interpreter\linkResolver.cpp, line 771]
Event: 1.301 Thread 0x000001d5d02ca640 Exception <a 'java/lang/NoSuchMethodError'{0x00000007113a0a70}: 'java.lang.Object java.lang.invoke.Invokers$Holder.linkToTargetMethod(java.lang.Object, long, java.lang.Object)'> (0x00000007113a0a70) 
thrown [s\src\hotspot\share\interpreter\linkResolver.cpp, line 771]
Event: 32.357 Thread 0x000001d5b024f1a0 Exception <a 'sun/net/ConnectionResetException'{0x0000000710e4a250}: Connection reset> (0x0000000710e4a250) 
thrown [s\src\hotspot\share\prims\jni.cpp, line 536]
Event: 32.362 Thread 0x000001d5b024f1a0 Exception <a 'java/lang/NoSuchMethodError'{0x0000000710ec46b8}: 'int java.lang.invoke.DirectMethodHandle$Holder.invokeVirtual(java.lang.Object, java.lang.Object)'> (0x0000000710ec46b8) 
thrown [s\src\hotspot\share\interpreter\linkResolver.cpp, line 771]

VM Operations (20 events):
Event: 1.304 Executing VM operation: HandshakeAllThreads
Event: 1.304 Executing VM operation: HandshakeAllThreads done
Event: 1.313 Executing VM operation: HandshakeAllThreads
Event: 1.313 Executing VM operation: HandshakeAllThreads done
Event: 2.313 Executing VM operation: Cleanup
Event: 2.313 Executing VM operation: Cleanup done
Event: 3.048 Executing VM operation: HandshakeAllThreads
Event: 3.048 Executing VM operation: HandshakeAllThreads done
Event: 4.048 Executing VM operation: Cleanup
Event: 4.048 Executing VM operation: Cleanup done
Event: 5.055 Executing VM operation: Cleanup
Event: 5.055 Executing VM operation: Cleanup done
Event: 19.160 Executing VM operation: Cleanup
Event: 19.161 Executing VM operation: Cleanup done
Event: 21.182 Executing VM operation: Cleanup
Event: 21.182 Executing VM operation: Cleanup done
Event: 26.228 Executing VM operation: Cleanup
Event: 26.229 Executing VM operation: Cleanup done
Event: 27.240 Executing VM operation: Cleanup
Event: 27.240 Executing VM operation: Cleanup done

Events (20 events):
Event: 6.737 loading class jdk/internal/reflect/ByteVectorImpl
Event: 6.737 loading class jdk/internal/reflect/ByteVector
Event: 6.737 loading class jdk/internal/reflect/ByteVector done
Event: 6.737 loading class jdk/internal/reflect/ByteVectorImpl done
Event: 6.737 loading class jdk/internal/reflect/ClassFileAssembler
Event: 6.737 loading class jdk/internal/reflect/ClassFileAssembler done
Event: 6.737 loading class jdk/internal/reflect/UTF8
Event: 6.737 loading class jdk/internal/reflect/UTF8 done
Event: 6.737 loading class jdk/internal/reflect/Label
Event: 6.738 loading class jdk/internal/reflect/Label done
Event: 6.738 loading class jdk/internal/reflect/Label$PatchInfo
Event: 6.738 loading class jdk/internal/reflect/Label$PatchInfo done
Event: 6.738 loading class jdk/internal/reflect/MethodAccessorGenerator$1
Event: 6.738 loading class jdk/internal/reflect/MethodAccessorGenerator$1 done
Event: 6.738 loading class jdk/internal/reflect/ClassDefiner
Event: 6.738 loading class jdk/internal/reflect/ClassDefiner done
Event: 6.738 loading class jdk/internal/reflect/ClassDefiner$1
Event: 6.738 loading class jdk/internal/reflect/ClassDefiner$1 done
Event: 32.356 loading class sun/net/ConnectionResetException
Event: 32.356 loading class sun/net/ConnectionResetException done


Dynamic libraries:
0x00007ff7ed8e0000 - 0x00007ff7ed8ea000 	C:\Program Files\Android\Android Studio\jbr\bin\java.exe
0x00007ffe99fb0000 - 0x00007ffe9a1c7000 	C:\Windows\SYSTEM32\ntdll.dll
0x00007ffe99c00000 - 0x00007ffe99cc4000 	C:\Windows\System32\KERNEL32.DLL
0x00007ffe972a0000 - 0x00007ffe9765a000 	C:\Windows\System32\KERNELBASE.dll
0x00007ffe97780000 - 0x00007ffe97891000 	C:\Windows\System32\ucrtbase.dll
0x00007ffe7fca0000 - 0x00007ffe7fcb7000 	C:\Program Files\Android\Android Studio\jbr\bin\jli.dll
0x00007ffe7ae90000 - 0x00007ffe7aeab000 	C:\Program Files\Android\Android Studio\jbr\bin\VCRUNTIME140.dll
0x00007ffe98a10000 - 0x00007ffe98bbe000 	C:\Windows\System32\USER32.dll
0x00007ffe7fd30000 - 0x00007ffe7ffc2000 	C:\Windows\WinSxS\amd64_microsoft.windows.common-controls_6595b64144ccf1df_6.0.22621.4541_none_2710d1c57384c085\COMCTL32.dll
0x00007ffe979c0000 - 0x00007ffe979e6000 	C:\Windows\System32\win32u.dll
0x00007ffe99e10000 - 0x00007ffe99eb7000 	C:\Windows\System32\msvcrt.dll
0x00007ffe98280000 - 0x00007ffe982a9000 	C:\Windows\System32\GDI32.dll
0x00007ffe978a0000 - 0x00007ffe979bb000 	C:\Windows\System32\gdi32full.dll
0x00007ffe97660000 - 0x00007ffe976fa000 	C:\Windows\System32\msvcp_win.dll
0x00007ffe97e10000 - 0x00007ffe97e41000 	C:\Windows\System32\IMM32.DLL
0x00007ffe94070000 - 0x00007ffe9407c000 	C:\Program Files\Android\Android Studio\jbr\bin\vcruntime140_1.dll
0x00007ffe7a2d0000 - 0x00007ffe7a35d000 	C:\Program Files\Android\Android Studio\jbr\bin\msvcp140.dll
0x00007ffe38170000 - 0x00007ffe38ddd000 	C:\Program Files\Android\Android Studio\jbr\bin\server\jvm.dll
0x00007ffe982b0000 - 0x00007ffe98362000 	C:\Windows\System32\ADVAPI32.dll
0x00007ffe99ec0000 - 0x00007ffe99f67000 	C:\Windows\System32\sechost.dll
0x00007ffe97270000 - 0x00007ffe97298000 	C:\Windows\System32\bcrypt.dll
0x00007ffe98c70000 - 0x00007ffe98d84000 	C:\Windows\System32\RPCRT4.dll
0x00007ffe92b80000 - 0x00007ffe92b89000 	C:\Windows\SYSTEM32\WSOCK32.dll
0x00007ffe92ca0000 - 0x00007ffe92cd4000 	C:\Windows\SYSTEM32\WINMM.dll
0x00007ffe90620000 - 0x00007ffe9062a000 	C:\Windows\SYSTEM32\VERSION.dll
0x00007ffe99cd0000 - 0x00007ffe99d41000 	C:\Windows\System32\WS2_32.dll
0x00007ffe96270000 - 0x00007ffe96288000 	C:\Windows\SYSTEM32\kernel.appcore.dll
0x00007ffe909e0000 - 0x00007ffe909ea000 	C:\Program Files\Android\Android Studio\jbr\bin\jimage.dll
0x00007ffe94b30000 - 0x00007ffe94d62000 	C:\Windows\SYSTEM32\DBGHELP.DLL
0x00007ffe98de0000 - 0x00007ffe99171000 	C:\Windows\System32\combase.dll
0x00007ffe97ca0000 - 0x00007ffe97d77000 	C:\Windows\System32\OLEAUT32.dll
0x00007ffe79670000 - 0x00007ffe796a2000 	C:\Windows\SYSTEM32\dbgcore.DLL
0x00007ffe97700000 - 0x00007ffe9777b000 	C:\Windows\System32\bcryptPrimitives.dll
0x00007ffe80640000 - 0x00007ffe80665000 	C:\Program Files\Android\Android Studio\jbr\bin\java.dll
0x00007ffe80590000 - 0x00007ffe805a8000 	C:\Program Files\Android\Android Studio\jbr\bin\zip.dll
0x00007ffe99250000 - 0x00007ffe99ac9000 	C:\Windows\System32\SHELL32.dll
0x00007ffe95160000 - 0x00007ffe95a69000 	C:\Windows\SYSTEM32\windows.storage.dll
0x00007ffe95020000 - 0x00007ffe9515f000 	C:\Windows\SYSTEM32\wintypes.dll
0x00007ffe99b00000 - 0x00007ffe99bfa000 	C:\Windows\System32\SHCORE.dll
0x00007ffe99180000 - 0x00007ffe991de000 	C:\Windows\System32\shlwapi.dll
0x00007ffe971a0000 - 0x00007ffe971cb000 	C:\Windows\SYSTEM32\profapi.dll
0x00007ffe7fc80000 - 0x00007ffe7fc99000 	C:\Program Files\Android\Android Studio\jbr\bin\net.dll
0x00007ffe92ed0000 - 0x00007ffe93006000 	C:\Windows\SYSTEM32\WINHTTP.dll
0x00007ffe967d0000 - 0x00007ffe96839000 	C:\Windows\system32\mswsock.dll
0x00007ffe7ea20000 - 0x00007ffe7ea36000 	C:\Program Files\Android\Android Studio\jbr\bin\nio.dll
0x00007ffe80a80000 - 0x00007ffe80a90000 	C:\Program Files\Android\Android Studio\jbr\bin\verify.dll
0x00007ffe791b0000 - 0x00007ffe791d7000 	C:\Users\jakho\.gradle\native\68d5fa5c4cc2d200863cafc0d521ce42e7d3e7ee720ec0a83991735586a16f82\windows-amd64\native-platform.dll
0x00007ffe84e10000 - 0x00007ffe84e19000 	C:\Program Files\Android\Android Studio\jbr\bin\management.dll
0x00007ffe80d20000 - 0x00007ffe80d2b000 	C:\Program Files\Android\Android Studio\jbr\bin\management_ext.dll
0x00007ffe99d50000 - 0x00007ffe99d58000 	C:\Windows\System32\PSAPI.DLL
0x00007ffe96a00000 - 0x00007ffe96a1b000 	C:\Windows\SYSTEM32\CRYPTSP.dll
0x00007ffe961d0000 - 0x00007ffe96205000 	C:\Windows\system32\rsaenh.dll
0x00007ffe96880000 - 0x00007ffe968a8000 	C:\Windows\SYSTEM32\USERENV.dll
0x00007ffe96a20000 - 0x00007ffe96a2c000 	C:\Windows\SYSTEM32\CRYPTBASE.dll
0x00007ffe95cd0000 - 0x00007ffe95cfd000 	C:\Windows\SYSTEM32\IPHLPAPI.DLL
0x00007ffe98bc0000 - 0x00007ffe98bc9000 	C:\Windows\System32\NSI.dll
0x00007ffe92c80000 - 0x00007ffe92c99000 	C:\Windows\SYSTEM32\dhcpcsvc6.DLL
0x00007ffe92c60000 - 0x00007ffe92c7f000 	C:\Windows\SYSTEM32\dhcpcsvc.DLL
0x00007ffe95d40000 - 0x00007ffe95e42000 	C:\Windows\SYSTEM32\DNSAPI.dll
0x00007ffe7e870000 - 0x00007ffe7e878000 	C:\Windows\system32\wshunix.dll

dbghelp: loaded successfully - version: 4.0.5 - missing functions: none
symbol engine: initialized successfully - sym options: 0x614 - pdb path: .;C:\Program Files\Android\Android Studio\jbr\bin;C:\Windows\SYSTEM32;C:\Windows\WinSxS\amd64_microsoft.windows.common-controls_6595b64144ccf1df_6.0.22621.4541_none_2710d1c57384c085;C:\Program Files\Android\Android Studio\jbr\bin\server;C:\Users\jakho\.gradle\native\68d5fa5c4cc2d200863cafc0d521ce42e7d3e7ee720ec0a83991735586a16f82\windows-amd64

VM Arguments:
jvm_args: -Dorg.gradle.appname=gradlew 
java_command: org.gradle.wrapper.GradleWrapperMain -q -Ptarget-platform=android-arm64 -Ptarget=D:\BDM\projects\amin_qassob\lib\main.dart -Pbase-application-name=android.app.Application -Pdart-defines=Zmx1dHRlci5pbnNwZWN0b3Iuc3RydWN0dXJlZEVycm9ycz10cnVl -Pdart-obfuscation=false -Ptrack-widget-creation=true -Ptree-shake-icons=false -Pfilesystem-scheme=org-dartlang-root assembleDebug
java_class_path (initial): D:\BDM\projects\amin_qassob\android\\gradle\wrapper\gradle-wrapper.jar
Launcher Type: SUN_STANDARD

[Global flags]
     intx CICompilerCount                          = 4                                         {product} {ergonomic}
     uint ConcGCThreads                            = 2                                         {product} {ergonomic}
     uint G1ConcRefinementThreads                  = 8                                         {product} {ergonomic}
   size_t G1HeapRegionSize                         = 2097152                                   {product} {ergonomic}
    uintx GCDrainStackTargetSize                   = 64                                        {product} {ergonomic}
   size_t InitialHeapSize                          = 266338304                                 {product} {ergonomic}
   size_t MarkStackSize                            = 4194304                                   {product} {ergonomic}
   size_t MaxHeapSize                              = 4255121408                                {product} {ergonomic}
   size_t MaxNewSize                               = 2552233984                                {product} {ergonomic}
   size_t MinHeapDeltaBytes                        = 2097152                                   {product} {ergonomic}
   size_t MinHeapSize                              = 8388608                                   {product} {ergonomic}
    uintx NonNMethodCodeHeapSize                   = 5839372                                {pd product} {ergonomic}
    uintx NonProfiledCodeHeapSize                  = 122909434                              {pd product} {ergonomic}
    uintx ProfiledCodeHeapSize                     = 122909434                              {pd product} {ergonomic}
    uintx ReservedCodeCacheSize                    = 251658240                              {pd product} {ergonomic}
     bool SegmentedCodeCache                       = true                                      {product} {ergonomic}
   size_t SoftMaxHeapSize                          = 4255121408                             {manageable} {ergonomic}
     bool UseCompressedClassPointers               = true                           {product lp64_product} {ergonomic}
     bool UseCompressedOops                        = true                           {product lp64_product} {ergonomic}
     bool UseG1GC                                  = true                                      {product} {ergonomic}
     bool UseLargePagesIndividualAllocation        = false                                  {pd product} {ergonomic}

Logging:
Log output configuration:
 #0: stdout all=warning uptime,level,tags
 #1: stderr all=off uptime,level,tags

Environment Variables:
JAVA_HOME=C:\Program Files\Android\Android Studio\jbr
CLASSPATH=D:\BDM\projects\amin_qassob\android\\gradle\wrapper\gradle-wrapper.jar
PATH=C:\Program Files\Android\Android Studio\jbr\bin;C:\Windows\system32;C:\Windows;C:\Windows\System32\Wbem;C:\Windows\System32\WindowsPowerShell\v1.0\;C:\Windows\System32\OpenSSH\;C:\Program Files\Git\cmd;C:\Users\jakho\Downloads\openjdk-8u42-b03-windows-i586-14_jul_2022\java-se-8u42-ri\bin;C:\Users\jakho\AppData\Local\Microsoft\WindowsApps;C:\flutter\bin;C:\Users\jakho\AppData\Local\Android\Sdk\platform-tools;;C:\flutter\bin\mingit\cmd
USERNAME=jakho
OS=Windows_NT
PROCESSOR_IDENTIFIER=Intel64 Family 6 Model 158 Stepping 10, GenuineIntel
TMP=C:\Users\jakho\AppData\Local\Temp
TEMP=C:\Users\jakho\AppData\Local\Temp



---------------  S Y S T E M  ---------------

OS:
 Windows 11 , 64 bit Build 22621 (10.0.22621.4391)
OS uptime: 16 days 6:21 hours
Hyper-V role detected

CPU: total 8 (initial active 8) (4 cores per cpu, 2 threads per core) family 6 model 158 stepping 10 microcode 0xde, cx8, cmov, fxsr, ht, mmx, 3dnowpref, sse, sse2, sse3, ssse3, sse4.1, sse4.2, popcnt, lzcnt, tsc, tscinvbit, avx, avx2, aes, erms, clmul, bmi1, bmi2, adx, fma, vzeroupper, clflush, clflushopt, hv

Memory: 4k page, system-wide physical 16225M (771M free)
TotalPageFile size 25105M (AvailPageFile size 0M)
current process WorkingSet (physical memory assigned to process): 94M, peak: 99M
current process commit charge ("private bytes"): 359M, peak: 365M

vm_info: OpenJDK 64-Bit Server VM (17.0.6+0-b2043.56-9586694) for windows-amd64 JRE (17.0.6+0-b2043.56-9586694), built on Feb  9 2023 20:06:20 by "androidbuild" with MS VC++ 16.10 / 16.11 (VS2019)

END.
